android/app/build/intermediates/manifest_merge_blame_file/release/manifest-merger-blame-release-report.txt
1<?xml version="1.0" encoding="utf-8"?>
2<manifest xmlns:android="http://schemas.android.com/apk/res/android"
3    package="com.alphastudioz.ticketmart"
4    android:versionCode="10"
5    android:versionName="1.0.0" >
6
7    <uses-sdk
8        android:minSdkVersion="21"
8-->src/main/AndroidManifest.xml
9        android:targetSdkVersion="34" />
9-->src/main/AndroidManifest.xml
10
11    <!-- Permissions should be declared here, outside of the <application> tag -->
12    <uses-permission android:name="android.permission.RECEIVE_BOOT_COMPLETED" />
12-->src/main/AndroidManifest.xml:4:5-81
12-->src/main/AndroidManifest.xml:4:22-78
13    <uses-permission android:name="android.permission.VIBRATE" />
13-->src/main/AndroidManifest.xml:5:5-66
13-->src/main/AndroidManifest.xml:5:22-63
14    <uses-permission android:name="android.permission.POST_NOTIFICATIONS" />
14-->src/main/AndroidManifest.xml:6:5-77
14-->src/main/AndroidManifest.xml:6:22-74
15    <uses-permission android:name="android.permission.INTERNET" />
15-->src/main/AndroidManifest.xml:7:5-67
15-->src/main/AndroidManifest.xml:7:22-64
16    <uses-permission android:name="android.permission.ACCESS_FINE_LOCATION" />
16-->src/main/AndroidManifest.xml:8:5-79
16-->src/main/AndroidManifest.xml:8:22-76
17    <uses-permission android:name="android.permission.ACCESS_COARSE_LOCATION" />
17-->src/main/AndroidManifest.xml:9:5-81
17-->src/main/AndroidManifest.xml:9:22-78
18
19    <queries>
19-->src/main/AndroidManifest.xml:65:5-70:15
20        <intent>
20-->src/main/AndroidManifest.xml:66:9-69:18
21            <action android:name="android.intent.action.PROCESS_TEXT" />
21-->src/main/AndroidManifest.xml:67:13-72
21-->src/main/AndroidManifest.xml:67:21-70
22
23            <data android:mimeType="text/plain" />
23-->src/main/AndroidManifest.xml:68:13-50
23-->src/main/AndroidManifest.xml:68:19-48
24        </intent>
25        <intent>
25-->[com.razorpay:standard-core:1.6.40] AndroidManifest.xml:11:9-17:18
26            <action android:name="android.intent.action.VIEW" />
26-->[com.razorpay:standard-core:1.6.40] AndroidManifest.xml:12:13-65
26-->[com.razorpay:standard-core:1.6.40] AndroidManifest.xml:12:21-62
27
28            <data
28-->src/main/AndroidManifest.xml:68:13-50
29                android:mimeType="*/*"
29-->src/main/AndroidManifest.xml:68:19-48
30                android:scheme="*" />
31        </intent>
32        <intent>
32-->[com.razorpay:standard-core:1.6.40] AndroidManifest.xml:18:9-27:18
33            <action android:name="android.intent.action.VIEW" />
33-->[com.razorpay:standard-core:1.6.40] AndroidManifest.xml:12:13-65
33-->[com.razorpay:standard-core:1.6.40] AndroidManifest.xml:12:21-62
34
35            <category android:name="android.intent.category.BROWSABLE" />
35-->[com.razorpay:standard-core:1.6.40] AndroidManifest.xml:21:13-74
35-->[com.razorpay:standard-core:1.6.40] AndroidManifest.xml:21:23-71
36
37            <data
37-->src/main/AndroidManifest.xml:68:13-50
38                android:host="pay"
39                android:mimeType="*/*"
39-->src/main/AndroidManifest.xml:68:19-48
40                android:scheme="upi" />
41        </intent>
42        <intent>
42-->[com.razorpay:standard-core:1.6.40] AndroidManifest.xml:28:9-30:18
43            <action android:name="android.intent.action.MAIN" />
43-->src/main/AndroidManifest.xml:29:17-68
43-->src/main/AndroidManifest.xml:29:25-66
44        </intent>
45        <intent>
45-->[com.razorpay:standard-core:1.6.40] AndroidManifest.xml:31:9-35:18
46            <action android:name="android.intent.action.SEND" />
46-->[com.razorpay:standard-core:1.6.40] AndroidManifest.xml:32:13-65
46-->[com.razorpay:standard-core:1.6.40] AndroidManifest.xml:32:21-62
47
48            <data android:mimeType="*/*" />
48-->src/main/AndroidManifest.xml:68:13-50
48-->src/main/AndroidManifest.xml:68:19-48
49        </intent>
50        <intent>
50-->[com.razorpay:standard-core:1.6.40] AndroidManifest.xml:36:9-38:18
51            <action android:name="rzp.device_token.share" />
51-->[com.razorpay:standard-core:1.6.40] AndroidManifest.xml:37:13-61
51-->[com.razorpay:standard-core:1.6.40] AndroidManifest.xml:37:21-58
52        </intent>
53    </queries>
54
55    <uses-permission android:name="android.permission.BROADCAST_CLOSE_SYSTEM_DIALOGS" />
55-->[:awesome_notifications] AndroidManifest.xml:10:5-89
55-->[:awesome_notifications] AndroidManifest.xml:10:22-86
56    <uses-permission android:name="android.permission.ACCESS_NETWORK_STATE" />
56-->[:connectivity_plus] AndroidManifest.xml:9:5-79
56-->[:connectivity_plus] AndroidManifest.xml:9:22-76
57    <uses-permission android:name="android.permission.WAKE_LOCK" /> <!-- Required by older versions of Google Play services to create IID tokens -->
57-->[com.google.firebase:firebase-messaging:24.0.1] AndroidManifest.xml:24:5-68
57-->[com.google.firebase:firebase-messaging:24.0.1] AndroidManifest.xml:24:22-65
58    <uses-permission android:name="com.google.android.c2dm.permission.RECEIVE" />
58-->[com.google.firebase:firebase-messaging:24.0.1] AndroidManifest.xml:26:5-82
58-->[com.google.firebase:firebase-messaging:24.0.1] AndroidManifest.xml:26:22-79
59    <uses-permission android:name="com.google.android.gms.permission.AD_ID" />
59-->[com.google.android.gms:play-services-measurement-api:22.1.0] AndroidManifest.xml:25:5-79
59-->[com.google.android.gms:play-services-measurement-api:22.1.0] AndroidManifest.xml:25:22-76
60    <uses-permission android:name="android.permission.ACCESS_ADSERVICES_ATTRIBUTION" />
60-->[com.google.android.gms:play-services-measurement-api:22.1.0] AndroidManifest.xml:26:5-88
60-->[com.google.android.gms:play-services-measurement-api:22.1.0] AndroidManifest.xml:26:22-85
61    <uses-permission android:name="android.permission.ACCESS_ADSERVICES_AD_ID" />
61-->[com.google.android.gms:play-services-measurement-api:22.1.0] AndroidManifest.xml:27:5-82
61-->[com.google.android.gms:play-services-measurement-api:22.1.0] AndroidManifest.xml:27:22-79
62    <uses-permission
62-->[me.carda:AndroidAwnCore:0.9.3] AndroidManifest.xml:10:5-12:38
63        android:name="android.permission.BIND_NOTIFICATION_LISTENER_SERVICE"
63-->[me.carda:AndroidAwnCore:0.9.3] AndroidManifest.xml:11:9-77
64        android:maxSdkVersion="22" />
64-->[me.carda:AndroidAwnCore:0.9.3] AndroidManifest.xml:12:9-35
65
66    <uses-feature
66-->[com.google.android.gms:play-services-maps:17.0.0] AndroidManifest.xml:26:5-28:35
67        android:glEsVersion="0x00020000"
67-->[com.google.android.gms:play-services-maps:17.0.0] AndroidManifest.xml:27:9-41
68        android:required="true" />
68-->[com.google.android.gms:play-services-maps:17.0.0] AndroidManifest.xml:28:9-32
69
70    <uses-permission android:name="com.google.android.finsky.permission.BIND_GET_INSTALL_REFERRER_SERVICE" />
70-->[com.google.android.gms:play-services-measurement:22.1.0] AndroidManifest.xml:26:5-110
70-->[com.google.android.gms:play-services-measurement:22.1.0] AndroidManifest.xml:26:22-107
71
72    <permission
72-->[androidx.core:core:1.13.1] AndroidManifest.xml:22:5-24:47
73        android:name="com.alphastudioz.ticketmart.DYNAMIC_RECEIVER_NOT_EXPORTED_PERMISSION"
73-->[androidx.core:core:1.13.1] AndroidManifest.xml:23:9-81
74        android:protectionLevel="signature" />
74-->[androidx.core:core:1.13.1] AndroidManifest.xml:24:9-44
75
76    <uses-permission android:name="com.alphastudioz.ticketmart.DYNAMIC_RECEIVER_NOT_EXPORTED_PERMISSION" /> <!-- for android -->
76-->[androidx.core:core:1.13.1] AndroidManifest.xml:26:5-97
76-->[androidx.core:core:1.13.1] AndroidManifest.xml:26:22-94
77    <!-- <uses-permission android:name="com.android.launcher.permission.READ_SETTINGS"/> -->
78    <!-- <uses-permission android:name="com.android.launcher.permission.WRITE_SETTINGS"/> -->
79    <!-- <uses-permission android:name="com.android.launcher.permission.INSTALL_SHORTCUT" /> -->
80    <!-- <uses-permission android:name="com.android.launcher.permission.UNINSTALL_SHORTCUT" /> -->
81    <!-- for Samsung -->
82    <uses-permission android:name="com.sec.android.provider.badge.permission.READ" />
82-->[me.leolin:ShortcutBadger:1.1.22] AndroidManifest.xml:19:5-86
82-->[me.leolin:ShortcutBadger:1.1.22] AndroidManifest.xml:19:22-83
83    <uses-permission android:name="com.sec.android.provider.badge.permission.WRITE" /> <!-- for htc -->
83-->[me.leolin:ShortcutBadger:1.1.22] AndroidManifest.xml:20:5-87
83-->[me.leolin:ShortcutBadger:1.1.22] AndroidManifest.xml:20:22-84
84    <uses-permission android:name="com.htc.launcher.permission.READ_SETTINGS" />
84-->[me.leolin:ShortcutBadger:1.1.22] AndroidManifest.xml:23:5-81
84-->[me.leolin:ShortcutBadger:1.1.22] AndroidManifest.xml:23:22-78
85    <uses-permission android:name="com.htc.launcher.permission.UPDATE_SHORTCUT" /> <!-- for sony -->
85-->[me.leolin:ShortcutBadger:1.1.22] AndroidManifest.xml:24:5-83
85-->[me.leolin:ShortcutBadger:1.1.22] AndroidManifest.xml:24:22-80
86    <uses-permission android:name="com.sonyericsson.home.permission.BROADCAST_BADGE" />
86-->[me.leolin:ShortcutBadger:1.1.22] AndroidManifest.xml:27:5-88
86-->[me.leolin:ShortcutBadger:1.1.22] AndroidManifest.xml:27:22-85
87    <uses-permission android:name="com.sonymobile.home.permission.PROVIDER_INSERT_BADGE" /> <!-- for apex -->
87-->[me.leolin:ShortcutBadger:1.1.22] AndroidManifest.xml:28:5-92
87-->[me.leolin:ShortcutBadger:1.1.22] AndroidManifest.xml:28:22-89
88    <uses-permission android:name="com.anddoes.launcher.permission.UPDATE_COUNT" /> <!-- for solid -->
88-->[me.leolin:ShortcutBadger:1.1.22] AndroidManifest.xml:31:5-84
88-->[me.leolin:ShortcutBadger:1.1.22] AndroidManifest.xml:31:22-81
89    <uses-permission android:name="com.majeur.launcher.permission.UPDATE_BADGE" /> <!-- for huawei -->
89-->[me.leolin:ShortcutBadger:1.1.22] AndroidManifest.xml:34:5-83
89-->[me.leolin:ShortcutBadger:1.1.22] AndroidManifest.xml:34:22-80
90    <uses-permission android:name="com.huawei.android.launcher.permission.CHANGE_BADGE" />
90-->[me.leolin:ShortcutBadger:1.1.22] AndroidManifest.xml:37:5-91
90-->[me.leolin:ShortcutBadger:1.1.22] AndroidManifest.xml:37:22-88
91    <uses-permission android:name="com.huawei.android.launcher.permission.READ_SETTINGS" />
91-->[me.leolin:ShortcutBadger:1.1.22] AndroidManifest.xml:38:5-92
91-->[me.leolin:ShortcutBadger:1.1.22] AndroidManifest.xml:38:22-89
92    <uses-permission android:name="com.huawei.android.launcher.permission.WRITE_SETTINGS" /> <!-- for ZUK -->
92-->[me.leolin:ShortcutBadger:1.1.22] AndroidManifest.xml:39:5-93
92-->[me.leolin:ShortcutBadger:1.1.22] AndroidManifest.xml:39:22-90
93    <uses-permission android:name="android.permission.READ_APP_BADGE" /> <!-- for OPPO -->
93-->[me.leolin:ShortcutBadger:1.1.22] AndroidManifest.xml:42:5-73
93-->[me.leolin:ShortcutBadger:1.1.22] AndroidManifest.xml:42:22-70
94    <uses-permission android:name="com.oppo.launcher.permission.READ_SETTINGS" />
94-->[me.leolin:ShortcutBadger:1.1.22] AndroidManifest.xml:45:5-82
94-->[me.leolin:ShortcutBadger:1.1.22] AndroidManifest.xml:45:22-79
95    <uses-permission android:name="com.oppo.launcher.permission.WRITE_SETTINGS" /> <!-- for EvMe -->
95-->[me.leolin:ShortcutBadger:1.1.22] AndroidManifest.xml:46:5-83
95-->[me.leolin:ShortcutBadger:1.1.22] AndroidManifest.xml:46:22-80
96    <uses-permission android:name="me.everything.badger.permission.BADGE_COUNT_READ" />
96-->[me.leolin:ShortcutBadger:1.1.22] AndroidManifest.xml:49:5-88
96-->[me.leolin:ShortcutBadger:1.1.22] AndroidManifest.xml:49:22-85
97    <uses-permission android:name="me.everything.badger.permission.BADGE_COUNT_WRITE" />
97-->[me.leolin:ShortcutBadger:1.1.22] AndroidManifest.xml:50:5-89
97-->[me.leolin:ShortcutBadger:1.1.22] AndroidManifest.xml:50:22-86
98
99    <application
100        android:name="android.app.Application"
100-->src/main/AndroidManifest.xml:13:9-42
101        android:appComponentFactory="androidx.core.app.CoreComponentFactory"
101-->[androidx.core:core:1.13.1] AndroidManifest.xml:28:18-86
102        android:icon="@mipmap/ic_launcher"
102-->src/main/AndroidManifest.xml:14:9-43
103        android:label="ticketmart" >
103-->src/main/AndroidManifest.xml:12:9-35
104        <activity
104-->src/main/AndroidManifest.xml:16:9-32:20
105            android:name="com.alphastudioz.ticketmart.MainActivity"
105-->src/main/AndroidManifest.xml:17:13-41
106            android:configChanges="orientation|keyboardHidden|keyboard|screenSize|smallestScreenSize|locale|layoutDirection|fontScale|screenLayout|density|uiMode"
106-->src/main/AndroidManifest.xml:22:13-163
107            android:exported="true"
107-->src/main/AndroidManifest.xml:18:13-36
108            android:hardwareAccelerated="true"
108-->src/main/AndroidManifest.xml:23:13-47
109            android:launchMode="singleTop"
109-->src/main/AndroidManifest.xml:19:13-43
110            android:taskAffinity=""
110-->src/main/AndroidManifest.xml:20:13-36
111            android:theme="@style/LaunchTheme"
111-->src/main/AndroidManifest.xml:21:13-47
112            android:windowSoftInputMode="adjustResize" >
112-->src/main/AndroidManifest.xml:24:13-55
113            <meta-data
113-->src/main/AndroidManifest.xml:25:13-27:57
114                android:name="io.flutter.embedding.android.NormalTheme"
114-->src/main/AndroidManifest.xml:26:17-72
115                android:resource="@style/NormalTheme" />
115-->src/main/AndroidManifest.xml:27:17-54
116
117            <intent-filter>
117-->src/main/AndroidManifest.xml:28:13-31:29
118                <action android:name="android.intent.action.MAIN" />
118-->src/main/AndroidManifest.xml:29:17-68
118-->src/main/AndroidManifest.xml:29:25-66
119
120                <category android:name="android.intent.category.LAUNCHER" />
120-->src/main/AndroidManifest.xml:30:17-76
120-->src/main/AndroidManifest.xml:30:27-74
121            </intent-filter>
122        </activity>
123
124        <!-- Notification Broadcast Receiver -->
125        <receiver
125-->src/main/AndroidManifest.xml:35:9-41:20
126            android:name="me.carda.awesome_notifications.notifications.receivers.ActionReceiver"
126-->src/main/AndroidManifest.xml:35:19-103
127            android:exported="true" >
127-->src/main/AndroidManifest.xml:36:13-36
128            <intent-filter>
128-->src/main/AndroidManifest.xml:37:13-40:29
129                <action android:name="ACTION_DISMISS_NOTIFICATION" />
129-->src/main/AndroidManifest.xml:38:17-70
129-->src/main/AndroidManifest.xml:38:25-67
130                <action android:name="ACTION_CLICK_NOTIFICATION" />
130-->src/main/AndroidManifest.xml:39:17-68
130-->src/main/AndroidManifest.xml:39:25-65
131            </intent-filter>
132        </receiver>
133
134        <!-- Notification Service -->
135        <service
135-->src/main/AndroidManifest.xml:44:9-47:38
136            android:name="me.carda.awesome_notifications.notifications.services.NotificationService"
136-->src/main/AndroidManifest.xml:45:13-101
137            android:exported="true"
137-->src/main/AndroidManifest.xml:47:13-36
138            android:permission="android.permission.BIND_JOB_SERVICE" />
138-->src/main/AndroidManifest.xml:46:13-69
139
140        <!-- Handle notifications on boot -->
141        <receiver
141-->src/main/AndroidManifest.xml:50:9-58:20
142            android:name="me.carda.awesome_notifications.notifications.receivers.StartupReceiver"
142-->src/main/AndroidManifest.xml:51:13-98
143            android:exported="true" >
143-->src/main/AndroidManifest.xml:52:13-36
144            <intent-filter>
144-->src/main/AndroidManifest.xml:53:13-57:29
145                <action android:name="android.intent.action.BOOT_COMPLETED" />
145-->src/main/AndroidManifest.xml:54:17-79
145-->src/main/AndroidManifest.xml:54:25-76
146                <action android:name="android.intent.action.QUICKBOOT_POWERON" />
146-->src/main/AndroidManifest.xml:55:17-82
146-->src/main/AndroidManifest.xml:55:25-79
147
148                <category android:name="android.intent.category.DEFAULT" />
148-->src/main/AndroidManifest.xml:56:17-76
148-->src/main/AndroidManifest.xml:56:27-73
149            </intent-filter>
150        </receiver>
151
152        <meta-data
152-->src/main/AndroidManifest.xml:60:9-62:33
153            android:name="flutterEmbedding"
153-->src/main/AndroidManifest.xml:61:13-44
154            android:value="2" />
154-->src/main/AndroidManifest.xml:62:13-30
155
156        <receiver
156-->[:awesome_notifications] AndroidManifest.xml:15:9-17:39
157            android:name="me.carda.awesome_notifications.DartNotificationActionReceiver"
157-->[:awesome_notifications] AndroidManifest.xml:16:13-89
158            android:exported="true" />
158-->[:awesome_notifications] AndroidManifest.xml:17:13-36
159        <receiver
159-->[:awesome_notifications] AndroidManifest.xml:18:9-20:39
160            android:name="me.carda.awesome_notifications.DartDismissedNotificationReceiver"
160-->[:awesome_notifications] AndroidManifest.xml:19:13-92
161            android:exported="true" />
161-->[:awesome_notifications] AndroidManifest.xml:20:13-36
162        <receiver
162-->[:awesome_notifications] AndroidManifest.xml:21:9-23:39
163            android:name="me.carda.awesome_notifications.DartScheduledNotificationReceiver"
163-->[:awesome_notifications] AndroidManifest.xml:22:13-92
164            android:exported="true" />
164-->[:awesome_notifications] AndroidManifest.xml:23:13-36
165        <receiver
165-->[:awesome_notifications] AndroidManifest.xml:24:9-38:20
166            android:name="me.carda.awesome_notifications.DartRefreshSchedulesReceiver"
166-->[:awesome_notifications] AndroidManifest.xml:25:13-87
167            android:enabled="true"
167-->[:awesome_notifications] AndroidManifest.xml:26:13-35
168            android:exported="true" >
168-->[:awesome_notifications] AndroidManifest.xml:27:13-36
169            <intent-filter>
169-->[:awesome_notifications] AndroidManifest.xml:28:13-37:29
170                <category android:name="android.intent.category.DEFAULT" />
170-->src/main/AndroidManifest.xml:56:17-76
170-->src/main/AndroidManifest.xml:56:27-73
171
172                <action android:name="android.intent.action.BOOT_COMPLETED" />
172-->src/main/AndroidManifest.xml:54:17-79
172-->src/main/AndroidManifest.xml:54:25-76
173                <action android:name="android.intent.action.LOCKED_BOOT_COMPLETED" />
173-->[:awesome_notifications] AndroidManifest.xml:32:17-86
173-->[:awesome_notifications] AndroidManifest.xml:32:25-83
174                <action android:name="android.intent.action.MY_PACKAGE_REPLACED" />
174-->[:awesome_notifications] AndroidManifest.xml:33:17-84
174-->[:awesome_notifications] AndroidManifest.xml:33:25-81
175                <action android:name="android.intent.action.QUICKBOOT_POWERON" />
175-->src/main/AndroidManifest.xml:55:17-82
175-->src/main/AndroidManifest.xml:55:25-79
176                <action android:name="com.htc.intent.action.QUICKBOOT_POWERON" />
176-->[:awesome_notifications] AndroidManifest.xml:35:17-82
176-->[:awesome_notifications] AndroidManifest.xml:35:25-79
177                <action android:name="android.app.action.SCHEDULE_EXACT_ALARM_PERMISSION_STATE_CHANGED" />
177-->[:awesome_notifications] AndroidManifest.xml:36:17-107
177-->[:awesome_notifications] AndroidManifest.xml:36:25-104
178            </intent-filter>
179        </receiver>
180
181        <service
181-->[:awesome_notifications] AndroidManifest.xml:40:9-43:72
182            android:name="me.carda.awesome_notifications.DartBackgroundService"
182-->[:awesome_notifications] AndroidManifest.xml:41:13-80
183            android:exported="false"
183-->[:awesome_notifications] AndroidManifest.xml:42:13-37
184            android:permission="android.permission.BIND_JOB_SERVICE" />
184-->[:awesome_notifications] AndroidManifest.xml:43:13-69
185        <service
185-->[:awesome_notifications] AndroidManifest.xml:44:9-49:43
186            android:name="me.carda.awesome_notifications.core.services.ForegroundService"
186-->[:awesome_notifications] AndroidManifest.xml:45:13-90
187            android:enabled="true"
187-->[:awesome_notifications] AndroidManifest.xml:46:13-35
188            android:exported="false"
188-->[:awesome_notifications] AndroidManifest.xml:47:13-37
189            android:foregroundServiceType="phoneCall"
189-->[:awesome_notifications] AndroidManifest.xml:48:13-54
190            android:stopWithTask="true" />
190-->[:awesome_notifications] AndroidManifest.xml:49:13-40
191        <service
191-->[:geolocator_android] AndroidManifest.xml:10:9-14:56
192            android:name="com.baseflow.geolocator.GeolocatorLocationService"
192-->[:geolocator_android] AndroidManifest.xml:11:13-77
193            android:enabled="true"
193-->[:geolocator_android] AndroidManifest.xml:12:13-35
194            android:exported="false"
194-->[:geolocator_android] AndroidManifest.xml:13:13-37
195            android:foregroundServiceType="location" />
195-->[:geolocator_android] AndroidManifest.xml:14:13-53
196
197        <provider
197-->[:share] AndroidManifest.xml:10:9-18:20
198            android:name="io.flutter.plugins.share.ShareFileProvider"
198-->[:share] AndroidManifest.xml:11:13-70
199            android:authorities="com.alphastudioz.ticketmart.flutter.share_provider"
199-->[:share] AndroidManifest.xml:12:13-74
200            android:exported="false"
200-->[:share] AndroidManifest.xml:13:13-37
201            android:grantUriPermissions="true" >
201-->[:share] AndroidManifest.xml:14:13-47
202            <meta-data
202-->[:share] AndroidManifest.xml:15:13-17:68
203                android:name="android.support.FILE_PROVIDER_PATHS"
203-->[:share] AndroidManifest.xml:16:17-67
204                android:resource="@xml/flutter_share_file_paths" />
204-->[:share] AndroidManifest.xml:17:17-65
205        </provider>
206
207        <receiver
207-->[com.google.firebase:firebase-messaging:24.0.1] AndroidManifest.xml:29:9-40:20
208            android:name="com.google.firebase.iid.FirebaseInstanceIdReceiver"
208-->[com.google.firebase:firebase-messaging:24.0.1] AndroidManifest.xml:30:13-78
209            android:exported="true"
209-->[com.google.firebase:firebase-messaging:24.0.1] AndroidManifest.xml:31:13-36
210            android:permission="com.google.android.c2dm.permission.SEND" >
210-->[com.google.firebase:firebase-messaging:24.0.1] AndroidManifest.xml:32:13-73
211            <intent-filter>
211-->[com.google.firebase:firebase-messaging:24.0.1] AndroidManifest.xml:33:13-35:29
212                <action android:name="com.google.android.c2dm.intent.RECEIVE" />
212-->[com.google.firebase:firebase-messaging:24.0.1] AndroidManifest.xml:34:17-81
212-->[com.google.firebase:firebase-messaging:24.0.1] AndroidManifest.xml:34:25-78
213            </intent-filter>
214
215            <meta-data
215-->[com.google.firebase:firebase-messaging:24.0.1] AndroidManifest.xml:37:13-39:40
216                android:name="com.google.android.gms.cloudmessaging.FINISHED_AFTER_HANDLED"
216-->[com.google.firebase:firebase-messaging:24.0.1] AndroidManifest.xml:38:17-92
217                android:value="true" />
217-->[com.google.firebase:firebase-messaging:24.0.1] AndroidManifest.xml:39:17-37
218        </receiver>
219        <!--
220             FirebaseMessagingService performs security checks at runtime,
221             but set to not exported to explicitly avoid allowing another app to call it.
222        -->
223        <service
223-->[com.google.firebase:firebase-messaging:24.0.1] AndroidManifest.xml:46:9-53:19
224            android:name="com.google.firebase.messaging.FirebaseMessagingService"
224-->[com.google.firebase:firebase-messaging:24.0.1] AndroidManifest.xml:47:13-82
225            android:directBootAware="true"
225-->[com.google.firebase:firebase-messaging:24.0.1] AndroidManifest.xml:48:13-43
226            android:exported="false" >
226-->[com.google.firebase:firebase-messaging:24.0.1] AndroidManifest.xml:49:13-37
227            <intent-filter android:priority="-500" >
227-->[com.google.firebase:firebase-messaging:24.0.1] AndroidManifest.xml:50:13-52:29
227-->[com.google.firebase:firebase-messaging:24.0.1] AndroidManifest.xml:50:28-51
228                <action android:name="com.google.firebase.MESSAGING_EVENT" />
228-->[com.google.firebase:firebase-messaging:24.0.1] AndroidManifest.xml:51:17-78
228-->[com.google.firebase:firebase-messaging:24.0.1] AndroidManifest.xml:51:25-75
229            </intent-filter>
230        </service>
231        <service
231-->[com.google.firebase:firebase-messaging:24.0.1] AndroidManifest.xml:54:9-63:19
232            android:name="com.google.firebase.components.ComponentDiscoveryService"
232-->[com.google.firebase:firebase-messaging:24.0.1] AndroidManifest.xml:55:13-84
233            android:directBootAware="true"
233-->[com.google.firebase:firebase-common:21.0.0] AndroidManifest.xml:32:13-43
234            android:exported="false" >
234-->[com.google.firebase:firebase-messaging:24.0.1] AndroidManifest.xml:56:13-37
235            <meta-data
235-->[com.google.firebase:firebase-messaging:24.0.1] AndroidManifest.xml:57:13-59:85
236                android:name="com.google.firebase.components:com.google.firebase.messaging.FirebaseMessagingKtxRegistrar"
236-->[com.google.firebase:firebase-messaging:24.0.1] AndroidManifest.xml:58:17-122
237                android:value="com.google.firebase.components.ComponentRegistrar" />
237-->[com.google.firebase:firebase-messaging:24.0.1] AndroidManifest.xml:59:17-82
238            <meta-data
238-->[com.google.firebase:firebase-messaging:24.0.1] AndroidManifest.xml:60:13-62:85
239                android:name="com.google.firebase.components:com.google.firebase.messaging.FirebaseMessagingRegistrar"
239-->[com.google.firebase:firebase-messaging:24.0.1] AndroidManifest.xml:61:17-119
240                android:value="com.google.firebase.components.ComponentRegistrar" />
240-->[com.google.firebase:firebase-messaging:24.0.1] AndroidManifest.xml:62:17-82
241            <meta-data
241-->[com.google.android.gms:play-services-measurement-api:22.1.0] AndroidManifest.xml:37:13-39:85
242                android:name="com.google.firebase.components:com.google.firebase.analytics.connector.internal.AnalyticsConnectorRegistrar"
242-->[com.google.android.gms:play-services-measurement-api:22.1.0] AndroidManifest.xml:38:17-139
243                android:value="com.google.firebase.components.ComponentRegistrar" />
243-->[com.google.android.gms:play-services-measurement-api:22.1.0] AndroidManifest.xml:39:17-82
244            <meta-data
244-->[com.google.firebase:firebase-installations:18.0.0] AndroidManifest.xml:15:13-17:85
245                android:name="com.google.firebase.components:com.google.firebase.installations.FirebaseInstallationsKtxRegistrar"
245-->[com.google.firebase:firebase-installations:18.0.0] AndroidManifest.xml:16:17-130
246                android:value="com.google.firebase.components.ComponentRegistrar" />
246-->[com.google.firebase:firebase-installations:18.0.0] AndroidManifest.xml:17:17-82
247            <meta-data
247-->[com.google.firebase:firebase-installations:18.0.0] AndroidManifest.xml:18:13-20:85
248                android:name="com.google.firebase.components:com.google.firebase.installations.FirebaseInstallationsRegistrar"
248-->[com.google.firebase:firebase-installations:18.0.0] AndroidManifest.xml:19:17-127
249                android:value="com.google.firebase.components.ComponentRegistrar" />
249-->[com.google.firebase:firebase-installations:18.0.0] AndroidManifest.xml:20:17-82
250            <meta-data
250-->[com.google.firebase:firebase-common-ktx:21.0.0] AndroidManifest.xml:12:13-14:85
251                android:name="com.google.firebase.components:com.google.firebase.ktx.FirebaseCommonLegacyRegistrar"
251-->[com.google.firebase:firebase-common-ktx:21.0.0] AndroidManifest.xml:13:17-116
252                android:value="com.google.firebase.components.ComponentRegistrar" />
252-->[com.google.firebase:firebase-common-ktx:21.0.0] AndroidManifest.xml:14:17-82
253            <meta-data
253-->[com.google.firebase:firebase-common:21.0.0] AndroidManifest.xml:35:13-37:85
254                android:name="com.google.firebase.components:com.google.firebase.FirebaseCommonKtxRegistrar"
254-->[com.google.firebase:firebase-common:21.0.0] AndroidManifest.xml:36:17-109
255                android:value="com.google.firebase.components.ComponentRegistrar" />
255-->[com.google.firebase:firebase-common:21.0.0] AndroidManifest.xml:37:17-82
256            <meta-data
256-->[com.google.firebase:firebase-datatransport:18.2.0] AndroidManifest.xml:25:13-27:85
257                android:name="com.google.firebase.components:com.google.firebase.datatransport.TransportRegistrar"
257-->[com.google.firebase:firebase-datatransport:18.2.0] AndroidManifest.xml:26:17-115
258                android:value="com.google.firebase.components.ComponentRegistrar" />
258-->[com.google.firebase:firebase-datatransport:18.2.0] AndroidManifest.xml:27:17-82
259        </service>
260
261        <property
261-->[com.google.android.gms:play-services-measurement-api:22.1.0] AndroidManifest.xml:30:9-32:61
262            android:name="android.adservices.AD_SERVICES_CONFIG"
262-->[com.google.android.gms:play-services-measurement-api:22.1.0] AndroidManifest.xml:31:13-65
263            android:resource="@xml/ga_ad_services_config" />
263-->[com.google.android.gms:play-services-measurement-api:22.1.0] AndroidManifest.xml:32:13-58
264
265        <provider
265-->[com.google.firebase:firebase-common:21.0.0] AndroidManifest.xml:23:9-28:39
266            android:name="com.google.firebase.provider.FirebaseInitProvider"
266-->[com.google.firebase:firebase-common:21.0.0] AndroidManifest.xml:24:13-77
267            android:authorities="com.alphastudioz.ticketmart.firebaseinitprovider"
267-->[com.google.firebase:firebase-common:21.0.0] AndroidManifest.xml:25:13-72
268            android:directBootAware="true"